app/proguard-project.txt
-optimizations !code/simplification/arithmetic,!code/simplification/cast,!field/*,!class/merging/*
-optimizationpasses 5
-allowaccessmodification
-dontpreverify

-dontusemixedcaseclassnames
-dontskipnonpubliclibraryclasses
-verbose

-keepattributes *Annotation*
-keep public class com.google.vending.licensing.ILicensingService
-keep public class com.android.vending.licensing.ILicensingService

-keepclasseswithmembernames class * {
    native <methods>;
}

-keepclassmembers public class * extends android.view.View {
   void set*(***);
   *** get*();
}

-keepclassmembers class * extends android.app.Activity {
   public void *(android.view.View);
}

-keepclassmembers enum * {
    public static **[] values();
    public static ** valueOf(java.lang.String);
}

-keep class * implements android.os.Parcelable {
  public static final android.os.Parcelable$Creator *;
}

-keepclassmembers class **.R$* {
    public static <fields>;
}

-dontwarn android.support.**
-keep class android.support.** {*; }
-keep interface android.support.** { *; }


-keepclassmembers class * {
    @android.webkit.JavascriptInterface <methods>;
}

-assumenosideeffects class android.util.Log {public static *** v(...);public static *** d(...);public static *** i(...); }


# The "Signature" attribute is required to be able to access generic types when compiling in JDK 5.0 and higher.
-keepattributes Signature

# For using GSON @Expose annotation
-keepattributes *Annotation*

# Gson specific classes
-keep class com.goolge.gson.** {*;}
##---------------End: proguard configuration for Gson  ----------