app/build/outputs/mapping/release/seeds.txt
com.chinatelecom.facedetecion.GuideActivity
com.chinatelecom.facedetecion.GuideActivity: GuideActivity()
com.chinatelecom.facedetecion.MainActivity
com.chinatelecom.facedetecion.MainActivity: MainActivity()
com.chinatelecom.facedetecion.R$anim: int abc_fade_in
com.chinatelecom.facedetecion.R$anim: int abc_fade_out
com.chinatelecom.facedetecion.R$anim: int abc_slide_in_bottom
com.chinatelecom.facedetecion.R$anim: int abc_slide_in_top
com.chinatelecom.facedetecion.R$anim: int abc_slide_out_bottom
com.chinatelecom.facedetecion.R$anim: int abc_slide_out_top
com.chinatelecom.facedetecion.R$anim: int face_base_stay_orig
com.chinatelecom.facedetecion.R$anim: int face_eye_open_closed
com.chinatelecom.facedetecion.R$anim: int face_head_pitch
com.chinatelecom.facedetecion.R$anim: int face_head_yaw
com.chinatelecom.facedetecion.R$anim: int face_leftout
com.chinatelecom.facedetecion.R$anim: int face_mouth_open_closed
com.chinatelecom.facedetecion.R$anim: int face_rightin
com.chinatelecom.facedetecion.R$anim: int face_window_right_in
com.chinatelecom.facedetecion.R$anim: int face_window_right_out
com.chinatelecom.facedetecion.R$attr: int actionBarDivider
com.chinatelecom.facedetecion.R$attr: int actionBarItemBackground
com.chinatelecom.facedetecion.R$attr: int actionBarPopupTheme
com.chinatelecom.facedetecion.R$attr: int actionBarSize
com.chinatelecom.facedetecion.R$attr: int actionBarSplitStyle
com.chinatelecom.facedetecion.R$attr: int actionBarStyle
com.chinatelecom.facedetecion.R$attr: int actionBarTabBarStyle
com.chinatelecom.facedetecion.R$attr: int actionBarTabStyle
com.chinatelecom.facedetecion.R$attr: int actionBarTabTextStyle
com.chinatelecom.facedetecion.R$attr: int actionBarTheme
com.chinatelecom.facedetecion.R$attr: int actionBarWidgetTheme
com.chinatelecom.facedetecion.R$attr: int actionButtonStyle
com.chinatelecom.facedetecion.R$attr: int actionDropDownStyle
com.chinatelecom.facedetecion.R$attr: int actionLayout
com.chinatelecom.facedetecion.R$attr: int actionMenuTextAppearance
com.chinatelecom.facedetecion.R$attr: int actionMenuTextColor
com.chinatelecom.facedetecion.R$attr: int actionModeBackground
com.chinatelecom.facedetecion.R$attr: int actionModeCloseButtonStyle
com.chinatelecom.facedetecion.R$attr: int actionModeCloseDrawable
com.chinatelecom.facedetecion.R$attr: int actionModeCopyDrawable
com.chinatelecom.facedetecion.R$attr: int actionModeCutDrawable
com.chinatelecom.facedetecion.R$attr: int actionModeFindDrawable
com.chinatelecom.facedetecion.R$attr: int actionModePasteDrawable
com.chinatelecom.facedetecion.R$bool: int abc_action_bar_embed_tabs
com.chinatelecom.facedetecion.R$bool: int abc_action_bar_embed_tabs_pre_jb
com.chinatelecom.facedetecion.R$bool: int abc_action_bar_expanded_action_views_exclusive
com.chinatelecom.facedetecion.R$bool: int abc_config_actionMenuItemAllCaps
com.chinatelecom.facedetecion.R$bool: int abc_config_allowActionMenuItemTextWithIcon
com.chinatelecom.facedetecion.R$bool: int abc_config_showMenuShortcutsWhenKeyboardPresent
...
android.support.v4.view.ViewCompat$ImportantForAccessibility
android.support.v4.view.ViewCompat$JBViewCompatImpl
android.support.v4.view.ViewCompat$JBViewCompatImpl: ViewCompat$JBViewCompatImpl()
android.support.v4.view.ViewCompat$JBViewCompatImpl: boolean hasTransientState(android.view.View)
android.support.v4.view.ViewCompat$JBViewCompatImpl: void setHasTransientState(android.view.View,boolean)
android.support.v4.view.ViewCompat$JBViewCompatImpl: void postInvalidateOnAnimation(android.view.View)
android.support.v4.view.ViewCompat$JBViewCompatImpl: void postInvalidateOnAnimation(android.view.View,int,int,int,int)
android.support.v4.view.ViewCompat$JBViewCompatImpl: void postOnAnimation(android.view.View,java.lang.Runnable)
android.support.v4.view.ViewCompat$JBViewCompatImpl: void postOnAnimationDelayed(android.view.View,java.lang.Runnable,long)
android.support.v4.view.ViewCompat$JBViewCompatImpl: int getImportantForAccessibility(android.view.View)
android.support.v4.view.ViewCompat$JBViewCompatImpl: void setImportantForAccessibility(android.view.View,int)
android.support.v4.view.ViewCompat$JBViewCompatImpl: boolean performAccessibilityAction(android.view.View,int,android.os.Bundle)
android.support.v4.view.ViewCompat$JBViewCompatImpl: android.support.v4.view.accessibility.AccessibilityNodeProviderCompat getAccessibilityNodeProvider(android.view.View)
android.support.v4.view.ViewCompat$JBViewCompatImpl: android.view.ViewParent getParentForAccessibility(android.view.View)
android.support.v4.view.ViewCompat$JbMr1ViewCompatImpl
android.support.v4.view.ViewCompat$JbMr1ViewCompatImpl: ViewCompat$JbMr1ViewCompatImpl()
android.support.v4.view.ViewCompat$JbMr1ViewCompatImpl: int getLabelFor(android.view.View)
android.support.v4.view.ViewCompat$JbMr1ViewCompatImpl: void setLabelFor(android.view.View,int)
android.support.v4.view.ViewCompat$JbMr1ViewCompatImpl: void setLayerPaint(android.view.View,android.graphics.Paint)
android.support.v4.view.ViewCompat$JbMr1ViewCompatImpl: int getLayoutDirection(android.view.View)
android.support.v4.view.ViewCompat$JbMr1ViewCompatImpl: void setLayoutDirection(android.view.View,int)
android.support.v4.view.ViewCompat$JbMr1ViewCompatImpl: int getPaddingStart(android.view.View)
android.support.v4.view.ViewCompat$JbMr1ViewCompatImpl: int getPaddingEnd(android.view.View)
android.support.v4.view.ViewCompat$JbMr1ViewCompatImpl: void setPaddingRelative(android.view.View,int,int,int,int)
android.support.v4.view.ViewCompat$JbMr1ViewCompatImpl: int getWindowSystemUiVisibility(android.view.View)
android.support.v4.view.ViewCompat$KitKatViewCompatImpl
android.support.v4.view.ViewCompat$KitKatViewCompatImpl: ViewCompat$KitKatViewCompatImpl()
android.support.v4.view.ViewCompat$KitKatViewCompatImpl: int getAccessibilityLiveRegion(android.view.View)
android.support.v4.view.ViewCompat$KitKatViewCompatImpl: void setAccessibilityLiveRegion(android.view.View,int)
android.support.v4.view.ViewCompat$KitKatViewCompatImpl: void setImportantForAccessibility(android.view.View,int)
android.support.v4.view.ViewCompat$LayerType
android.support.v4.view.ViewCompat$LayoutDirectionMode
android.support.v4.view.ViewCompat$OverScroll
android.support.v4.view.ViewCompat$ResolvedLayoutDirectionMode