app/build/outputs/mapping/release/mapping.txt
com.chinatelecom.facedetecion.GuideActivity -> com.chinatelecom.facedetecion.GuideActivity:
    java.lang.String idCardStorageNum -> d
    void <init>() -> <init>
    void onCreate(android.os.Bundle) -> onCreate
    void onActivityResult(int,int,android.content.Intent) -> onActivityResult
    java.lang.String access$000(com.chinatelecom.facedetecion.GuideActivity) -> a
com.chinatelecom.facedetecion.GuideActivity$1 -> com.chinatelecom.facedetecion.a:
    com.chinatelecom.facedetecion.GuideActivity this$0 -> a
    void <init>(com.chinatelecom.facedetecion.GuideActivity) -> <init>
    void onClick(android.view.View) -> onClick
com.chinatelecom.facedetecion.MainActivity -> com.chinatelecom.facedetecion.MainActivity:
    java.lang.String idCardStorageNum -> e
    void <init>() -> <init>
    void onCreate(android.os.Bundle) -> onCreate
    void applyEncryptFactorRequest(java.lang.String) -> a
    void validateFaceRequest(java.lang.String,java.lang.String,java.lang.String,java.lang.String,java.lang.String,java.lang.String) -> a
    void showFaceProgressDialogFragment(java.lang.String,java.lang.String) -> b
    void dismissFaceDialogFragment(java.lang.String) -> b
    void showFaceTwoBtnDialogFragment(java.lang.String,java.lang.String) -> a
    void showFaceTwoBtnDialogFragment(android.view.View,java.lang.String) -> a
    void onFaceNegativeButtonClicked(java.lang.String,int) -> b
    void onFacePositiveButtonClicked(java.lang.String,int) -> a
    void showAppToast(java.lang.String) -> c
    void access$000(com.chinatelecom.facedetecion.MainActivity,java.lang.String,java.lang.String) -> a
com.chinatelecom.facedetecion.MainActivity$1 -> com.chinatelecom.facedetecion.b:
    com.chinatelecom.facedetecion.MainActivity this$0 -> a
    void <init>(com.chinatelecom.facedetecion.MainActivity) -> <init>
    void run() -> run
com.chinatelecom.facedetecion.MainActivity$2 -> com.chinatelecom.facedetecion.c:
    com.chinatelecom.facedetecion.MainActivity this$0 -> a
    void <init>(com.chinatelecom.facedetecion.MainActivity) -> <init>
    void run() -> run
com.chinatelecom.facedetecion.util.Utils -> com.chinatelecom.facedetecion.a.a:
    int dp2px$1a54e363(android.content.Context) -> a
com.chinatelecom.facedetecion.view.CustomAlertDialog -> com.chinatelecom.facedetecion.b.a:
    void <init>(android.content.Context) -> <init>
    void <init>(android.content.Context,byte) -> <init>
com.chinatelecom.facedetecion.view.ProgressDialogFragment -> com.chinatelecom.facedetecion.b.b:
    void <init>() -> <init>
    com.chinatelecom.facedetecion.view.ProgressDialogFragment newInstance(java.lang.String) -> a
    void onCreate(android.os.Bundle) -> onCreate
    android.view.View onCreateView(android.view.LayoutInflater,android.view.ViewGroup,android.os.Bundle) -> onCreateView
    void onDestroyView() -> onDestroyView
com.chinatelecom.facedetecion.view.SimpleDialogFragment -> com.chinatelecom.facedetecion.b.c:
    com.chinatelecom.face.Face_BaseActivity activity -> a
    void <init>() -> <init>
    void onAttach(android.app.Activity) -> onAttach
    com.chinatelecom.facedetecion.view.SimpleDialogFragment newInstance(java.lang.String,java.lang.String,java.lang.String,java.lang.String) -> a
    void onCreate(android.os.Bundle) -> onCreate
    android.app.Dialog onCreateDialog(android.os.Bundle) -> onCreateDialog
    void onResume() -> onResume
    void onClick(android.view.View) -> onClick
com.chinatelecom.facedetecion.view.SimpleTimeOutDialogFragment -> com.chinatelecom.facedetecion.b.d:
    com.chinatelecom.face.Face_BaseActivity activity -> a
    android.view.View timeoutView -> b
    void <init>() -> <init>
    void onAttach(android.app.Activity) -> onAttach
    com.chinatelecom.facedetecion.view.SimpleTimeOutDialogFragment newInstance(android.view.View) -> a
    void onCreate(android.os.Bundle) -> onCreate
    android.app.Dialog onCreateDialog(android.os.Bundle) -> onCreateDialog
    void onResume() -> onResume
    void onClick(android.view.View) -> onClick
...
android.support.v4.view.ViewCompatICS -> android.support.v4.view.ViewCompatICS:
    void <init>() -> <init>
    boolean canScrollHorizontally(android.view.View,int) -> canScrollHorizontally
    boolean canScrollVertically(android.view.View,int) -> canScrollVertically
    void setAccessibilityDelegate(android.view.View,java.lang.Object) -> setAccessibilityDelegate
    void onPopulateAccessibilityEvent(android.view.View,android.view.accessibility.AccessibilityEvent) -> onPopulateAccessibilityEvent
    void onInitializeAccessibilityEvent(android.view.View,android.view.accessibility.AccessibilityEvent) -> onInitializeAccessibilityEvent
    void onInitializeAccessibilityNodeInfo(android.view.View,java.lang.Object) -> onInitializeAccessibilityNodeInfo
android.support.v4.view.ViewCompatJB -> android.support.v4.view.ViewCompatJB:
    void <init>() -> <init>
    boolean hasTransientState(android.view.View) -> hasTransientState
    void setHasTransientState(android.view.View,boolean) -> setHasTransientState
    void postInvalidateOnAnimation(android.view.View) -> postInvalidateOnAnimation
    void postInvalidateOnAnimation(android.view.View,int,int,int,int) -> postInvalidateOnAnimation
    void postOnAnimation(android.view.View,java.lang.Runnable) -> postOnAnimation
    void postOnAnimationDelayed(android.view.View,java.lang.Runnable,long) -> postOnAnimationDelayed
    int getImportantForAccessibility(android.view.View) -> getImportantForAccessibility
    void setImportantForAccessibility(android.view.View,int) -> setImportantForAccessibility
    boolean performAccessibilityAction(android.view.View,int,android.os.Bundle) -> performAccessibilityAction
    java.lang.Object getAccessibilityNodeProvider(android.view.View) -> getAccessibilityNodeProvider
    android.view.ViewParent getParentForAccessibility(android.view.View) -> getParentForAccessibility
    int getMinimumWidth(android.view.View) -> getMinimumWidth
    int getMinimumHeight(android.view.View) -> getMinimumHeight
    void requestApplyInsets(android.view.View) -> requestApplyInsets
    boolean getFitsSystemWindows(android.view.View) -> getFitsSystemWindows
android.support.v4.view.ViewCompatJellybeanMr1 -> android.support.v4.view.ViewCompatJellybeanMr1:
    void <init>() -> <init>
    int getLabelFor(android.view.View) -> getLabelFor
    void setLabelFor(android.view.View,int) -> setLabelFor
    void setLayerPaint(android.view.View,android.graphics.Paint) -> setLayerPaint
    int getLayoutDirection(android.view.View) -> getLayoutDirection
    void setLayoutDirection(android.view.View,int) -> setLayoutDirection
    int getPaddingStart(android.view.View) -> getPaddingStart
    int getPaddingEnd(android.view.View) -> getPaddingEnd
    void setPaddingRelative(android.view.View,int,int,int,int) -> setPaddingRelative
    int getWindowSystemUiVisibility(android.view.View) -> getWindowSystemUiVisibility
android.support.v4.view.ViewCompatKitKat -> android.support.v4.view.ViewCompatKitKat:
    void <init>() -> <init>
    int getAccessibilityLiveRegion(android.view.View) -> getAccessibilityLiveRegion
    void setAccessibilityLiveRegion(android.view.View,int) -> setAccessibilityLiveRegion
android.support.v4.view.ViewConfigurationCompat -> android.support.v4.view.ViewConfigurationCompat:
    android.support.v4.view.ViewConfigurationCompat$ViewConfigurationVersionImpl IMPL -> IMPL
    void <init>() -> <init>
    int getScaledPagingTouchSlop(android.view.ViewConfiguration) -> getScaledPagingTouchSlop
    boolean hasPermanentMenuKey(android.view.ViewConfiguration) -> hasPermanentMenuKey
    void <clinit>() -> <clinit>
android.support.v4.view.ViewConfigurationCompat$BaseViewConfigurationVersionImpl -> android.support.v4.view.ViewConfigurationCompat$BaseViewConfigurationVersionImpl:
    void <init>() -> <init>
    int getScaledPagingTouchSlop(android.view.ViewConfiguration) -> getScaledPagingTouchSlop
    boolean hasPermanentMenuKey(android.view.ViewConfiguration) -> hasPermanentMenuKey