app/build/outputs/mapping/release/usage.txt
com.chinatelecom.facedetecion.BuildConfig
com.chinatelecom.facedetecion.R
com.chinatelecom.facedetecion.R$anim
com.chinatelecom.facedetecion.R$attr
com.chinatelecom.facedetecion.R$bool
com.chinatelecom.facedetecion.R$color
com.chinatelecom.facedetecion.R$dimen
com.chinatelecom.facedetecion.R$drawable
com.chinatelecom.facedetecion.R$id
com.chinatelecom.facedetecion.R$integer
com.chinatelecom.facedetecion.R$layout
com.chinatelecom.facedetecion.R$mipmap
com.chinatelecom.facedetecion.R$raw
com.chinatelecom.facedetecion.R$string
com.chinatelecom.facedetecion.R$style
com.chinatelecom.facedetecion.R$styleable
com.chinatelecom.facedetecion.util.Utils:
    18:18:public Utils()
    26:33:public static long convertYuanToFen(java.lang.String)
    44:52:public static java.lang.String yuanToFen(java.lang.String)
    63:68:public static java.lang.String fenToYuan(java.lang.String)
    100:101:public static int px2sp(android.content.Context,float)
    111:114:public static java.lang.String getWifiMac(android.content.Context)
    123:123:public static java.lang.String getBTMac()
    127:127:public static java.lang.String getSysVersion()
    131:137:public static java.lang.String getImsi(android.content.Context)
    141:147:public static java.lang.String getImei(android.content.Context)
    151:151:public static java.lang.String getDeviceName()
    156:165:public static java.lang.String getAppVersion(android.content.Context)
    169:181:public static boolean getNetworkIsAvailabe(android.content.Context)
com.chinatelecom.facedetecion.view.CustomAlertDialog:
    12:15:public CustomAlertDialog(android.content.Context,boolean,android.content.DialogInterface$OnCancelListener)
com.chinatelecom.facedetecion.view.ProgressDialogFragment:
    private static final java.lang.String ARGS_REQUEST_MSG
com.chinatelecom.facedetecion.view.SimpleDialogFragment:
    private static final java.lang.String ARGS_REQUEST_MSG
    private static final java.lang.String ARGS_REQUEST_TITLE
    private static final java.lang.String ARGS_REQUEST_POS_TEXT
    private static final java.lang.String ARGS_REQUEST_NEG_TEXT
    private static final java.lang.String ARG_REQUEST_CODE
    private static final int DEFAULT_REQUEST_CODE
com.chinatelecom.facedetecion.view.SimpleTimeOutDialogFragment:
    private static final java.lang.String ARG_REQUEST_CODE
    private static final int DEFAULT_REQUEST_CODE
...
com.chinatelecom.face.impl.FaceSimpleDialogCancelListener
com.chinatelecom.face.impl.FaceSimpleDialogListener
com.chinatelecom.ocr.Ocr_IDCard_Back_Activity:
    430:430:public void showFaceTwoBtnDialogFragment(android.view.View,java.lang.String)
com.chinatelecom.ocr.Ocr_IDCard_Front_Activity:
    public java.lang.String idCardFrontFirstPart
    428:428:public void showFaceTwoBtnDialogFragment(android.view.View,java.lang.String)
com.chinatelecom.ocr.Ocr_IDCard_Star_Collect_Activity:
    26:26:public void showFaceTwoBtnDialogFragment(android.view.View,java.lang.String)
    32:32:public void showFaceTwoBtnDialogFragment(java.lang.String,java.lang.String)
    38:38:public void showFaceProgressDialogFragment(java.lang.String,java.lang.String)
    44:44:public void dismissFaceDialogFragment(java.lang.String)
    50:50:public void showAppToast(java.lang.String)
com.chinatelecom.util.Constants
com.chinatelecom.util.IDetection:
    168:170:public void handleNotPass(long)
com.chinatelecom.util.MResoure:
    12:12:public MResoure()
com.chinatelecom.util.Screen:
    private static final int PADDING_L
    private static final int PADDING_R
    private static final int PADDING_T
    private static final int PADDING_B
    public static int drawRows
    public static float lineHeight
    public static float charHeight
    7:7:public Screen()
    71:94:public static java.lang.String clipImageUrl(java.lang.String,java.lang.String)
com.chinatelecom.util.Util:
    17:17:public Util()
    82:84:public static java.lang.String getTimeStr()
com.chinatelecom.view.CircleProgressBar
com.chinatelecom.view.FaceCustomToast:
    63:81:public void show()
    84:84:public java.lang.String getStr()
    88:89:public void setStr(java.lang.String)
com.megvii.idcardquality.IDCardQualityAssessment:
    64:64:public com.megvii.idcardquality.IDCardQualityResult getQuality(byte[],int,int,com.megvii.idcardquality.bean.IDCardAttr$IDCardSide)
    69:69:public static java.lang.String getVersion()
com.megvii.idcardquality.IDCardQualityResult:
    39:42:public android.graphics.Bitmap croppedImageOfPortrait(int)
    50:50:public android.graphics.Bitmap croppedImageOfPortrait()
com.megvii.idcardquality.impl.DetectorImpl:
    22:22:public static java.lang.String b()
    private static native java.lang.String nativeGetVersion()
com.megvii.livenessdetection.DetectionConfig:
    26:26:public final int getMinBrightness()
    31:31:public final int getMaxBrightness()
    36:36:public final float getMotionBlur()
    41:41:public final float getGaussianBlur()
    46:46:public final long getTimeout()
    51:51:public final float getYawAngle()
    56:56:public final float getPitchAngle()
    61:61:public final float getMinFaceSize()
    66:66:public final float getEyeOpenThreshold()
    71:71:public final float getMouthOpenThreshold()
com.megvii.livenessdetection.DetectionConfig$Builder:
    148:149:public final com.megvii.livenessdetection.DetectionConfig$Builder setMinFaceSize(int)
    173:175:public final com.megvii.livenessdetection.DetectionConfig$Builder setMaxAngle(float,float,float)
    186:188:public final com.megvii.livenessdetection.DetectionConfig$Builder setBrightness(int,int)
    198:199:public final com.megvii.livenessdetection.DetectionConfig$Builder setMouthHwratio(float)
    203:204:public final com.megvii.livenessdetection.DetectionConfig$Builder setEyeHwratio(float)
    209:211:public final com.megvii.livenessdetection.DetectionConfig$Builder setBlur(float,float)
    216:217:public final com.megvii.livenessdetection.DetectionConfig$Builder setIntegrity(float)